argv 1 C:\Microsemi\Libero_SoC_PolarFire_v2.2\SynplifyPro\lib
argv 2 -tsl
argv 4 -idb
argv 6 -prj
argv 8 -curimpl
argv 10 -product
argv 1 -product
argv 3 -tsl
argv 5 -idb
argv 7 -synplify_install
argv 9 -synplify_tool
argv 11 -log
argv 12 C:/Microsemiprj_PF/apps/riscv_bootloader/UART_2_SCSPI_Bridge_splash2_sram/synthesis/synthesis_1/synlog/TOP_identify_compile.log
argv 13 -family
argv 14 POLARFIRE
argv 15 -prj
argv 17 -curimpl
argv 19 -dbgimpl
argv 20 synthesis_1
argv 21 -fver
argv 23 -idc
argv 25 -f
argv 27 -jobname
argv 28 identify_compile
argv 29 -ppid
argv 1 -product
argv 3 -srs_gen_hw
argv 5 -prj
argv 7 -idb
argv 9 -curimpl
argv 11 -write_fdc
argv 12 -log
argv 13 C:\Microsemiprj_PF\apps\riscv_bootloader\UART_2_SCSPI_Bridge_splash2_sram\synthesis\synthesis_1\identify.log
argv 14 -tsl
argv 16 -fidc
argv 1 -product
argv 3 -tsl
argv 5 -idb
argv 7 -synplify_install
argv 9 -synplify_tool
argv 11 -log
argv 12 C:/Microsemiprj_PF/apps/riscv_bootloader/UART_2_SCSPI_Bridge_splash2_sram/synthesis/synthesis_1/synlog/TOP_identify_compile.log
argv 13 -family
argv 14 POLARFIRE
argv 15 -prj
argv 17 -curimpl
argv 19 -dbgimpl
argv 20 synthesis_1
argv 21 -fver
argv 23 -idc
argv 25 -f
argv 27 -jobname
argv 28 identify_compile
argv 29 -ppid
argv 1 -product
argv 3 -srs_gen_hw
argv 5 -prj
argv 7 -idb
argv 9 -curimpl
argv 11 -write_fdc
argv 12 -log
argv 13 C:\Microsemiprj_PF\apps\riscv_bootloader\UART_2_SCSPI_Bridge_splash2_sram\synthesis\synthesis_1\identify.log
argv 14 -tsl
argv 16 -fidc
argv 1 -product
argv 3 -tsl
argv 5 -idb
argv 7 -synplify_install
argv 9 -synplify_tool
argv 11 -log
argv 12 C:/Microsemiprj_PF/apps/riscv_bootloader/UART_2_SCSPI_Bridge_splash2_sram/synthesis/synthesis_1/synlog/TOP_identify_compile.log
argv 13 -family
argv 14 POLARFIRE
argv 15 -prj
argv 17 -curimpl
argv 19 -dbgimpl
argv 20 synthesis_1
argv 21 -fver
argv 23 -idc
argv 25 -f
argv 27 -jobname
argv 28 identify_compile
argv 29 -ppid
argv 1 -product
argv 3 -srs_gen_hw
argv 5 -prj
argv 7 -idb
argv 9 -curimpl
argv 11 -write_fdc
argv 12 -log
argv 13 C:\Microsemiprj_PF\apps\riscv_bootloader\UART_2_SCSPI_Bridge_splash2_sram\synthesis\synthesis_1\identify.log
argv 14 -tsl
argv 16 -fidc
argv 1 -product
argv 3 -tsl
argv 5 -idb
argv 7 -synplify_install
argv 9 -synplify_tool
argv 11 -log
argv 12 C:/Microsemiprj_PF/apps/riscv_bootloader/UART_2_SCSPI_Bridge_splash2_sram/synthesis/synthesis_1/synlog/TOP_identify_compile.log
argv 13 -family
argv 14 POLARFIRE
argv 15 -prj
argv 17 -curimpl
argv 19 -dbgimpl
argv 20 synthesis_1
argv 21 -fver
argv 23 -idc
argv 25 -f
argv 27 -jobname
argv 28 identify_compile
argv 29 -ppid
argv 1 -product
argv 3 -srs_gen_hw
argv 5 -prj
argv 7 -idb
argv 9 -curimpl
argv 11 -write_fdc
argv 12 -log
argv 13 C:\Microsemiprj_PF\apps\riscv_bootloader\UART_2_SCSPI_Bridge_splash2_sram\synthesis\synthesis_1\identify.log
argv 14 -tsl
argv 16 -fidc
argv 1 -product
argv 3 -tsl
argv 5 -idb
argv 7 -synplify_install
argv 9 -synplify_tool
argv 11 -log
argv 12 C:/Microsemiprj_PF/apps/riscv_bootloader/UART_2_SCSPI_Bridge_splash2_sram/synthesis/synthesis_1/synlog/TOP_identify_compile.log
argv 13 -family
argv 14 POLARFIRE
argv 15 -prj
argv 17 -curimpl
argv 19 -dbgimpl
argv 20 synthesis_1
argv 21 -fver
argv 23 -idc
argv 25 -f
argv 27 -jobname
argv 28 identify_compile
argv 29 -ppid
argv 1 -product
argv 3 -srs_gen_hw
argv 5 -prj
argv 7 -idb
argv 9 -curimpl
argv 11 -write_fdc
argv 12 -log
argv 13 C:\Microsemiprj_PF\apps\riscv_bootloader\UART_2_SCSPI_Bridge_splash2_sram\synthesis\synthesis_1\identify.log
argv 14 -tsl
argv 16 -fidc
argv 1 C:\Microsemi\Libero_SoC_PolarFire_v2.2\SynplifyPro\lib
argv 2 -tsl
argv 4 -idb
argv 6 -prj
argv 8 -curimpl
argv 10 -product
argv 1 -product
argv 3 -tsl
argv 5 -idb
argv 7 -synplify_install
argv 9 -synplify_tool
argv 11 -log
argv 12 C:/Microsemiprj_PF/apps/riscv_bootloader/UART_2_SCSPI_Bridge_splash2_sram/synthesis/synthesis_1/synlog/TOP_identify_compile.log
argv 13 -family
argv 14 POLARFIRE
argv 15 -prj
argv 17 -curimpl
argv 19 -dbgimpl
argv 20 synthesis_1
argv 21 -fver
argv 23 -idc
argv 25 -f
argv 27 -jobname
argv 28 identify_compile
argv 29 -ppid
argv 1 -product
argv 3 -srs_gen_hw
argv 5 -prj
argv 7 -idb
argv 9 -curimpl
argv 11 -write_fdc
argv 12 -log
argv 13 C:\Microsemiprj_PF\apps\riscv_bootloader\UART_2_SCSPI_Bridge_splash2_sram\synthesis\synthesis_1\identify.log
argv 14 -tsl
argv 16 -fidc
argv 1 -product
argv 3 -tsl
argv 5 -idb
argv 7 -synplify_install
argv 9 -synplify_tool
argv 11 -log
argv 12 C:/Microsemiprj_PF/apps/riscv_bootloader/UART_2_SCSPI_Bridge_splash2_sram/synthesis/synthesis_1/synlog/TOP_identify_compile.log
argv 13 -family
argv 14 POLARFIRE
argv 15 -prj
argv 17 -curimpl
argv 19 -dbgimpl
argv 20 synthesis_1
argv 21 -fver
argv 23 -idc
argv 25 -f
argv 27 -jobname
argv 28 identify_compile
argv 29 -ppid
argv 1 -product
argv 3 -srs_gen_hw
argv 5 -prj
argv 7 -idb
argv 9 -curimpl
argv 11 -write_fdc
argv 12 -log
argv 13 C:\Microsemiprj_PF\apps\riscv_bootloader\UART_2_SCSPI_Bridge_splash2_sram\synthesis\synthesis_1\identify.log
argv 14 -tsl
argv 16 -fidc
