
Starting:    C:\Microsemi\Libero_SoC_PolarFire_v2.2\SynplifyPro\bin64\mbin\synbatch.exe
Install:     C:\Microsemi\Libero_SoC_PolarFire_v2.2\SynplifyPro
Hostname:    EMEAPC0002
Date:        Tue Sep 11 08:26:51 2018
Version:     N-2017.09M-SP1-1

Arguments:   -product synplify_pro -licensetype synplifypro_actel -batch -log synplify.log TOP_syn.tcl
ProductType: synplify_pro

License checkout: synplifypro_actel
License: synplifypro_actel node-locked 
Licensed Vendor: actel
License Option: actel_oem

Running in Vendor Mode

auto_infer_blackbox is not supported in current product.
log file: "C:\Microsemiprj_PF\apps\riscv_bootloader\UART_2_SCSPI_Bridge_splash2_sram\synthesis\TOP.srr"
Running: synthesis in foreground

Running TOP_syn|synthesis

Running: compile (Compile) on TOP_syn|synthesis
# Tue Sep 11 08:26:53 2018

Running: compile_flow (Compile Process) on TOP_syn|synthesis
# Tue Sep 11 08:26:53 2018

Running: compiler (Compile Input) on TOP_syn|synthesis
# Tue Sep 11 08:26:53 2018
Copied C:\Microsemiprj_PF\apps\riscv_bootloader\UART_2_SCSPI_Bridge_splash2_sram\synthesis\synwork\TOP_comp.srs to C:\Microsemiprj_PF\apps\riscv_bootloader\UART_2_SCSPI_Bridge_splash2_sram\synthesis\TOP.srs

compiler completed
# Tue Sep 11 08:27:33 2018

Return Code: 0
Run Time:00h:00m:40s

Running: multi_srs_gen (Multi-srs Generator) on TOP_syn|synthesis
# Tue Sep 11 08:27:33 2018

multi_srs_gen completed
# Tue Sep 11 08:27:35 2018

Return Code: 0
Run Time:00h:00m:02s
Copied C:\Microsemiprj_PF\apps\riscv_bootloader\UART_2_SCSPI_Bridge_splash2_sram\synthesis\synwork\TOP_mult.srs to C:\Microsemiprj_PF\apps\riscv_bootloader\UART_2_SCSPI_Bridge_splash2_sram\synthesis\TOP.srs
Complete: Compile Process on TOP_syn|synthesis

Running: premap (Premap) on TOP_syn|synthesis
# Tue Sep 11 08:27:35 2018

premap completed with warnings
# Tue Sep 11 08:27:43 2018

Return Code: 1
Run Time:00h:00m:08s
Complete: Compile on TOP_syn|synthesis

Running: map (Map) on TOP_syn|synthesis
# Tue Sep 11 08:27:43 2018
License granted for 4 parallel jobs

Running: fpga_mapper (Map & Optimize) on TOP_syn|synthesis
# Tue Sep 11 08:27:43 2018
Copied C:\Microsemiprj_PF\apps\riscv_bootloader\UART_2_SCSPI_Bridge_splash2_sram\synthesis\synwork\TOP_m.srm to C:\Microsemiprj_PF\apps\riscv_bootloader\UART_2_SCSPI_Bridge_splash2_sram\synthesis\TOP.srm

fpga_mapper completed with warnings
# Tue Sep 11 08:29:21 2018

Return Code: 1
Run Time:00h:01m:38s
Complete: Map on TOP_syn|synthesis
Complete: Logic Synthesis on TOP_syn|synthesis
TCL script complete: "TOP_syn.tcl"
exit status=0
exit status=0
License checkin: synplifypro_actel
