********************************************************************
I/O Bank Report - Date: Fri Sep 14 16:06:06 2018
Product: Designer
Release: PolarFire v2.2
Version: 12.200.30.10
Design Name: TOP
Family: PolarFire
Die: MPF300T_ES
Package: FCG484
********************************************************************


I/O Function:

    Type                                  | w/o register  | w/ register  | w/ DDR register
    --------------------------------------|---------------|--------------|----------------
    Input I/O                             | 5             | 0            | 0
    Output I/O                            | 6             | 0            | 0
    Bidirectional I/O                     | 0             | 0            | 0
    Differential Input I/O Pairs          | 0             | 0            | 0
    Differential Output I/O Pairs         | 0             | 0            | 0

I/O Technology:

                                    |   Voltages    |             I/Os              
    --------------------------------|-------|-------|-------|--------|--------------
    I/O Standard(s)                 | Vddi  | Vref  | Input | Output | Bidirectional
    --------------------------------|-------|-------|-------|--------|--------------
    LVCMOS18                        | 1.80v | N/A   | 5     | 6      | 0            

I/O Bank Resource Usage:

          |   Voltages    | Single I/Os  | Diff I/O Pairs |        Vref I/Os        |  Type   
          |-------|-------|------|-------|-------|--------|------|-------|----------|---------
          | Vddi  | Vref  | Used | Total | Used  | Total  | Used | Total | Vref Pins|         
    ------|-------|-------|------|-------|-------|--------|------|-------|----------|---------
    Bank0 | 1.80v | N/A   | 3    | 48    | 0     | 24     | N/A  | N/A   | N/A      | HSIO    
    Bank1 | N/A   | N/A   | 0    | 48    | 0     | 24     | N/A  | N/A   | N/A      | HSIO    
    Bank2 | 1.80v | N/A   | 1    | 84    | 0     | 42     | N/A  | N/A   | N/A      | GPIO    
    Bank3 | 3.30v | N/A   | 0    | 0     | 0     | 0      | N/A  | N/A   | N/A      | JTAG    
    Bank4 | 1.80v | N/A   | 7    | 52    | 0     | 26     | N/A  | N/A   | N/A      | GPIO    
    Bank5 | N/A   | N/A   | 0    | 12    | 0     | 6      | N/A  | N/A   | N/A      | GPIO    
    Bank6 | N/A   | N/A   | 0    | 0     | 0     | 0      | N/A  | N/A   | N/A      | HSIO    
    Bank7 | N/A   | N/A   | 0    | 0     | 0     | 0      | N/A  | N/A   | N/A      | HSIO    

I/O Voltage Usage:

       Voltages    |     I/Os     
    -------|-------|------|-------
     Vddi  | Vref  | Used | Total 
    -------|-------|------|-------
     1.80v | N/A   | 11   | 184   
     3.30v | N/A   | 0    | 0     

