Resource Usage Report for TOP 

Mapping to part: mpf300tfcg1152-1
Cell usage:
AND3            1 use
BIBUF_DIFF_DQS  2 uses
CLKINT          8 uses
CLKINT_PRESERVE  1 use
DFN1            1 use
DLL             1 use
HS_IO_CLK       2 uses
INIT            1 use
INV             8 uses
IOD             52 uses
LANECTRL        3 uses
OR2             32 uses
OR4             320 uses
OSC_RC160MHZ    1 use
OUTBUF_FEEDBACK  1 use
OUTBUF_FEEDBACK_DIFF  1 use
PF_SPI          1 use
PLL             2 uses
TRIBUFF_FEEDBACK  2 uses
UJTAG           1 use
CFG1           151 uses
CFG2           2858 uses
CFG3           9056 uses
CFG4           9445 uses

Carry cells:
ARI1            2971 uses - used for arithmetic functions
ARI1            724 uses - used for Wide-Mux implementation
Total ARI1      3695 uses


Sequential Cells: 
SLE            16606 uses

DSP Blocks:    2 of 924 (0%)
 MACC_PA:         1 Mult
 MACC_PA:         1 MultAdd

I/O ports: 71
I/O primitives: 51
BIBUF          16 uses
INBUF          2 uses
OUTBUF         2 uses
TRIBUFF        31 uses


Global Clock Buffers: 8

Total LUTs:    25205

Extra resources required for RAM and MACC_PA interface logic during P&R:

RAM64X12 Interface Logic : SLEs = 1008; LUTs = 1008;
RAM1K20  Interface Logic : SLEs = 2232; LUTs = 2232;
MACC_PA     Interface Logic : SLEs = 72; LUTs = 72;
MACC_PA_BC_ROM     Interface Logic : SLEs = 0; LUTs = 0;

Total number of SLEs after P&R:  16606 + 1008 + 2232 + 72 = 19918;
Total number of LUTs after P&R:  25205 + 1008 + 2232 + 72 = 28517;

